<?xml version="1.0" encoding="UTF-8"?>
<!-- Generated by org.testng.reporters.JUnitReportReporter -->
<testsuite hostname="LTIN478048" failures="0" tests="3" name="TestClasses.FlipkartHome" time="18.758" errors="0" timestamp="2023-12-19T16:27:06 IST" skipped="0">
  <testcase classname="TestClasses.FlipkartHome" name="openFlipkart" time="6.900"/>
  <testcase classname="TestClasses.FlipkartHome" name="displayFlipkartMenu" time="6.381"/>
  <testcase classname="TestClasses.FlipkartHome" name="inspectFlipkartSearch" time="5.477"/>
</testsuite> <!-- TestClasses.FlipkartHome -->
