<?xml version="1.0" encoding="UTF-8"?>
<!-- Generated by org.testng.reporters.JUnitReportReporter -->
<testsuite hostname="DESKTOP-A95O79T" failures="0" tests="2" name="TestClasses.SearchResultTest" time="34.433" errors="0" timestamp="2024-04-06T19:25:49 IST" skipped="0">
  <testcase classname="TestClasses.SearchResultTest" name="displaySearchContent" time="11.234"/>
  <system-out/>
  <testcase classname="TestClasses.SearchResultTest" name="displayMaxProductAndTraverse" time="23.199"/>
  <system-out/>
</testsuite> <!-- TestClasses.SearchResultTest -->
