<?xml version="1.0" encoding="UTF-8"?>
<!-- Generated by org.testng.reporters.JUnitReportReporter -->
<testsuite hostname="DESKTOP-A95O79T" failures="0" tests="2" name="TestClasses.TravelPageTest" time="33.031" errors="0" timestamp="2024-04-06T19:25:49 IST" skipped="0">
  <testcase classname="TestClasses.TravelPageTest" name="displayLoginElementsinTravel" time="14.213"/>
  <system-out/>
  <testcase classname="TestClasses.TravelPageTest" name="verifyInvalidCredentials" time="18.818"/>
  <system-out/>
</testsuite> <!-- TestClasses.TravelPageTest -->
