<?xml version="1.0" encoding="UTF-8"?>
<!-- Generated by org.testng.reporters.JUnitReportReporter -->
<testsuite hostname="DESKTOP-A95O79T" failures="0" tests="2" name="TestClasses.ElectricVehiclesPageTest" time="25.716" errors="0" timestamp="2024-04-06T19:25:49 IST" skipped="0">
  <testcase classname="TestClasses.ElectricVehiclesPageTest" name="clickElectricVehicle" time="12.275"/>
  <system-out/>
  <testcase classname="TestClasses.ElectricVehiclesPageTest" name="displayMaxPricedElectricVehicle" time="13.441"/>
  <system-out/>
</testsuite> <!-- TestClasses.ElectricVehiclesPageTest -->
