<?xml version="1.0" encoding="UTF-8"?>
<!-- Generated by org.testng.reporters.JUnitReportReporter -->
<testsuite hostname="DESKTOP-A95O79T" failures="0" tests="2" name="TestClasses.PetrolVehiclesPageTest" time="25.979" errors="0" timestamp="2024-04-06T19:25:49 IST" skipped="0">
  <testcase classname="TestClasses.PetrolVehiclesPageTest" name="clickPetrolVehicle" time="11.382"/>
  <system-out/>
  <testcase classname="TestClasses.PetrolVehiclesPageTest" name="displayMaxPricedPetrolVehicle" time="14.597"/>
  <system-out/>
</testsuite> <!-- TestClasses.PetrolVehiclesPageTest -->
