<?xml version="1.0" encoding="UTF-8"?>
<!-- Generated by org.testng.reporters.JUnitReportReporter -->
<testsuite hostname="DESKTOP-A95O79T" failures="0" tests="2" name="TestClasses.CartPageTest" time="66.890" errors="0" timestamp="2024-04-06T19:25:49 IST" skipped="0">
  <testcase classname="TestClasses.CartPageTest" name="singleAddToCart" time="20.933"/>
  <system-out/>
  <testcase classname="TestClasses.CartPageTest" name="multipleAddToCart" time="45.957"/>
  <system-out/>
</testsuite> <!-- TestClasses.CartPageTest -->
