<?xml version="1.0" encoding="UTF-8"?>
<!-- Generated by org.testng.reporters.JUnitReportReporter -->
<testsuite hostname="DESKTOP-A95O79T" failures="0" tests="2" name="TestClasses.FlipkartHomeTest" time="22.447" errors="0" timestamp="2024-04-06T19:25:49 IST" skipped="0">
  <testcase classname="TestClasses.FlipkartHomeTest" name="openFlipkart" time="12.762"/>
  <system-out/>
  <testcase classname="TestClasses.FlipkartHomeTest" name="displayFlipkartMenu" time="9.685"/>
  <system-out/>
</testsuite> <!-- TestClasses.FlipkartHomeTest -->
